<?xml version="1.0" encoding="UTF-8"?>
<robot generator="Robot 5.0.1 (Python 3.10.6 on win32)" generated="20230130 23:01:04.585" rpa="false" schemaversion="3">
<suite id="s1" name="Robot Api" source="C:\Users\ndfdf\Documents\GitHub\robotframework_api\robot_api.robot">
<test id="s1-t1" name="API" line="32">
<kw name="Manipuler requete simple">
<kw name="GET" library="RequestsLibrary">
<var>${response}</var>
<arg>https://www.google.com</arg>
<doc>Sends a GET request.</doc>
<msg timestamp="20230130 23:01:04.892" level="INFO">GET Request : url=https://www.google.com/ 
 path_url=/ 
 headers={'User-Agent': 'python-requests/2.28.2', 'Accept-Encoding': 'gzip, deflate', 'Accept': '*/*', 'Connection': 'keep-alive'} 
 body=None 
 </msg>
<msg timestamp="20230130 23:01:04.892" level="INFO">GET Response : url=https://www.google.com/ 
 status=200, reason=OK 
 headers={'Date': 'Mon, 30 Jan 2023 22:01:04 GMT', 'Expires': '-1', 'Cache-Control': 'private, max-age=0', 'Content-Type': 'text/html; charset=ISO-8859-1', 'P3P': 'CP="This is not a P3P policy! See g.co/p3phelp for more info."', 'Content-Encoding': 'gzip', 'Server': 'gws', 'X-XSS-Protection': '0', 'X-Frame-Options': 'SAMEORIGIN', 'Set-Cookie': 'SOCS=CAAaBgiAkdyeBg; expires=Thu, 29-Feb-2024 22:01:04 GMT; path=/; domain=.google.com; Secure; SameSite=lax, AEC=ARSKqsKKIUhB6HR-ojXxB-Gd8f17f40iFWvUF53RAdwdtkQNXe5dOJov; expires=Sat, 29-Jul-2023 22:01:04 GMT; path=/; domain=.google.com; Secure; HttpOnly; SameSite=lax, __Secure-ENID=10.SE=hr_hzY_5vtq4A1PfWAOOhZgH5NUuONJ26Q7s6vgNGXv7cJV7KO_AkjYwoxsxxxedaeDUyNMqvO1wZOH5Z9HyCjGEPBb2NVNiJkO2Joqth6CSdnZ6xRVj10aQRBF_l7XuFPrk5mBUU-uwX2ZmXVBh5wPtV5lX2bHW9dDAWSde-3c; expires=Fri, 01-Mar-2024 14:19:22 GMT; path=/; domain=.google.com; Secure; HttpOnly; SameSite=lax, CONSENT=PENDING+586; expires=Wed, 29-Jan-2025 22:01:04 GMT; path=/; domain=.google.com; Secure', 'Alt-Svc': 'h3=":443"; ma=2592000,h3-29=":443"; ma=2592000', 'Transfer-Encoding': 'chunked'} 
 body=&lt;!doctype html&gt;&lt;html itemscope="" itemtype="http://schema.org/WebPage" lang="fr"&gt;&lt;head&gt;&lt;meta content="text/html; charset=UTF-8" http-equiv="Content-Type"&gt;&lt;meta content="/logos/doodles/2023/celebrating-bubble-tea-6753651837109839.4-l.png" itemprop="image"&gt;&lt;meta content="Le Bubble Tea à l'honneur" property="twitter:title"&gt;&lt;meta content="Le Bubble Tea est à l'honneur ! #GoogleDoodle" property="twitter:description"&gt;&lt;meta content="Le Bubble Tea est à l'honneur ! #GoogleDoodle" property="og:description"&gt;&lt;meta content="summary_large_image" property="twitter:card"&gt;&lt;meta content="@GoogleDoodles" property="twitter:site"&gt;&lt;meta content="https://www.google.com/logos/doodles/2023/celebrating-bubble-tea-6753651837109839.2-2xa.gif" property="twitter:image"&gt;&lt;meta content="https://www.google.com/logos/doodles/2023/celebrating-bubble-tea-6753651837109839.2-2xa.gif" property="og:image"&gt;&lt;meta content="1000" property="og:image:width"&gt;&lt;meta content="400" property="og:image:height"&gt;&lt;meta content="https://www.google.com/logos/doodles/2023/celebrating-bubble-tea-6753651837109839.2-2xa.gif" property="og:url"&gt;&lt;meta content="video.other" property="og:type"&gt;&lt;title&gt;Google&lt;/title&gt;&lt;script nonce="uJhPSuU024N_SUaj5QiYFg"&gt;(function(){window.google={kEI:'ID7YY-rALYnjkdUP6MuF-AI',kEXPI:'0,1359409,6059,206,2415,2389,2316,383,246,5,1129120,1197723,380768,16114,28684,22430,1362,12316,17583,4998,13228,3847,10622,22741,5970,704,1279,2742,149,1943,1983,4314,3514,606,2023,2297,14670,603,2624,2845,7,29075,3040,1655,17607,3,346,230,6459,150,13974,1,1,2,1528,2304,7039,17820,4203,13065,11443,2215,4437,9358,7428,5821,2536,4094,17,4035,3,3541,1,14262,27895,2,14019,25739,5679,1021,31121,4569,6252,23424,1252,5835,14968,4332,7484,25076,2006,8155,7381,15969,874,19633,7,1922,5784,3995,19130,2260,9932,4832,6305,2006,17766,427,5796,4,14432,4641,14921,644,1622,1778,3852,48,1077,8239,751,5901,1741,2356,3232,23,564,38,527,991,781,1485,269,495,427,847,186,3671,198,12,769,1411,20,3,867,136,2125,3768,1376,947,857,3672,2246,609,1020,1668,164,1088,5,1648,90,19,359,104,217,85,228,135,446,182,5,1854,127,840,573,3344,6,3,335,1125,640,156,593,658,118,949,2,3,17,2,3,1496,776,1676,1742,1447,4,29,209,2,378,176,90,1125,195,2031,519,1581,69,663,1,272,5,692,1075,85,1228,92,287,34,652,86,272,1347,106,640,300,361,89,219,288,595,108,128,1815,1100,160,19,278,1726,5260511,87,100,181,62,6,44,5995490,10,2803299,3311,141,795,19735,1,1,346,3924,7,16,3,23946535,550,2769617,1271975,1964,16672,2894,512,5738,3703,6897,500,401,956,1402959,75163',kBL:'p59Q'};google.sn='webhp';google.kHL='fr';})();(function(){
var f=this||self;var h,k=[];function l(a){for(var b;a&amp;&amp;(!a.getAttribute||!(b=a.getAttribute("eid")));)a=a.parentNode;return b||h}function m(a){for(var b=null;a&amp;&amp;(!a.getAttribute||!(b=a.getAttribute("leid")));)a=a.parentNode;return b}
function n(a,b,c,d,g){var e="";c||-1!==b.search("&amp;ei=")||(e="&amp;ei="+l(d),-1===b.search("&amp;lei=")&amp;&amp;(d=m(d))&amp;&amp;(e+="&amp;lei="+d));d="";!c&amp;&amp;f._cshid&amp;&amp;-1===b.search("&amp;cshid=")&amp;&amp;"slh"!==a&amp;&amp;(d="&amp;cshid="+f._cshid);c=c||"/"+(g||"gen_204")+"?atyp=i&amp;ct="+a+"&amp;cad="+b+e+"&amp;zx="+Date.now()+d;/^http:/i.test(c)&amp;&amp;"https:"===window.location.protocol&amp;&amp;(google.ml&amp;&amp;google.ml(Error("a"),!1,{src:c,glmm:1}),c="");return c};h=google.kEI;google.getEI=l;google.getLEI=m;google.ml=function(){return null};google.log=function(a,b,c,d,g){if(c=n(a,b,c,d,g)){a=new Image;var e=k.length;k[e]=a;a.onerror=a.onload=a.onabort=function(){delete k[e]};a.src=c}};google.logUrl=n;}).call(this);(function(){google.y={};google.sy=[];google.x=function(a,b){if(a)var c=a.id;else{do c=Math.random();while(google.y[c])}google.y[c]=[a,b];return!1};google.sx=function(a){google.sy.push(a)};google.lm=[];google.plm=function(a){google.lm.push.apply(google.lm,a)};google.lq=[];google.load=function(a,b,c){google.lq.push([[a],b,c])};google.loadAll=function(a,b){google.lq.push([a,b])};google.bx=!1;google.lx=function(){};}).call(this);google.f={};(function(){
document.documentElement.addEventListener("submit",function(b){var a;if(a=b.target){var c=a.getAttribute("data-submitfalse");a="1"===c||"q"===c&amp;&amp;!a.elements.q.value?!0:!1}else a=!1;a&amp;&amp;(b.preventDefault(),b.stopPropagation())},!0);document.documentElement.addEventListener("click",function(b){var a;a:{for(a=b.target;a&amp;&amp;a!==document.documentElement;a=a.parentElement)if("A"===a.tagName){a="1"===a.getAttribute("data-nohref");break a}a=!1}a&amp;&amp;b.preventDefault()},!0);}).call(this);&lt;/script&gt;&lt;style&gt;#gbar,#guser{font-size:13px;padding-top:1px !important;}#gbar{height:22px}#guser{padding-bottom:7px !important;text-align:right}.gbh,.gbd{border-top:1px solid #c9d7f1;font-size:1px}.gbh{height:0;position:absolute;top:24px;width:100%}@media all{.gb1{height:22px;margin-right:.5em;vertical-align:top}#gbar{float:left}}a.gb1,a.gb4{text-decoration:underline !important}a.gb1,a.gb4{color:#00c !important}.gbi .gb4{color:#dd8e27 !important}.gbf .gb4{color:#900 !important}
&lt;/style&gt;&lt;style&gt;body,td,a,p,.h{font-family:arial,sans-serif}body{margin:0;overflow-y:scroll}#gog{padding:3px 8px 0}td{line-height:.8em}.gac_m td{line-height:17px}form{margin-bottom:20px}.h{color:#1558d6}em{font-weight:bold;font-style:normal}.lst{height:25px;width:496px}.gsfi,.lst{font:18px arial,sans-serif}.gsfs{font:17px arial,sans-serif}.ds{display:inline-box;display:inline-block;margin:3px 0 4px;margin-left:4px}input{font-family:inherit}body{background:#fff;color:#000}a{color:#4b11a8;text-decoration:none}a:hover,a:active{text-decoration:underline}.fl a{color:#1558d6}a:visited{color:#4b11a8}.sblc{padding-top:5px}.sblc a{display:block;margin:2px 0;margin-left:13px;font-size:11px}.lsbb{background:#f8f9fa;border:solid 1px;border-color:#dadce0 #70757a #70757a #dadce0;height:30px}.lsbb{display:block}#WqQANb a{display:inline-block;margin:0 12px}.lsb{background:url(/images/nav_logo229.png) 0 -261px repeat-x;border:none;color:#000;cursor:pointer;height:30px;margin:0;outline:0;font:15px arial,sans-serif;vertical-align:top}.lsb:active{background:#dadce0}.lst:focus{outline:none}&lt;/style&gt;&lt;script nonce="uJhPSuU024N_SUaj5QiYFg"&gt;(function(){window.google.erd={jsr:1,bv:1734,de:true};
var h=this||self;var k,l=null!=(k=h.mei)?k:1,n,p=null!=(n=h.sdo)?n:!0,q=0,r,t=google.erd,v=t.jsr;google.ml=function(a,b,d,m,e){e=void 0===e?2:e;b&amp;&amp;(r=a&amp;&amp;a.message);if(google.dl)return google.dl(a,e,d),null;if(0&gt;v){window.console&amp;&amp;console.error(a,d);if(-2===v)throw a;b=!1}else b=!a||!a.message||"Error loading script"===a.message||q&gt;=l&amp;&amp;!m?!1:!0;if(!b)return null;q++;d=d||{};b=encodeURIComponent;var c="/gen_204?atyp=i&amp;ei="+b(google.kEI);google.kEXPI&amp;&amp;(c+="&amp;jexpid="+b(google.kEXPI));c+="&amp;srcpg="+b(google.sn)+"&amp;jsr="+b(t.jsr)+"&amp;bver="+b(t.bv);var f=a.lineNumber;void 0!==f&amp;&amp;(c+="&amp;line="+f);var g=
a.fileName;g&amp;&amp;(0&lt;g.indexOf("-extension:/")&amp;&amp;(e=3),c+="&amp;script="+b(g),f&amp;&amp;g===window.location.href&amp;&amp;(f=document.documentElement.outerHTML.split("\n")[f],c+="&amp;cad="+b(f?f.substring(0,300):"No script found.")));c+="&amp;jsel="+e;for(var u in d)c+="&amp;",c+=b(u),c+="=",c+=b(d[u]);c=c+"&amp;emsg="+b(a.name+": "+a.message);c=c+"&amp;jsst="+b(a.stack||"N/A");12288&lt;=c.length&amp;&amp;(c=c.substr(0,12288));a=c;m||google.log(0,"",a);return a};window.onerror=function(a,b,d,m,e){r!==a&amp;&amp;(a=e instanceof Error?e:Error(a),void 0===d||"lineNumber"in a||(a.lineNumber=d),void 0===b||"fileName"in a||(a.fileName=b),google.ml(a,!1,void 0,!1,"SyntaxError"===a.name||"SyntaxError"===a.message.substring(0,11)||-1!==a.message.indexOf("Script error")?3:0));r=null;p&amp;&amp;q&gt;=l&amp;&amp;(window.onerror=null)};})();&lt;/script&gt;&lt;/head&gt;&lt;body bgcolor="#fff"&gt;&lt;script nonce="uJhPSuU024N_SUaj5QiYFg"&gt;(function(){var src='/images/nav_logo229.png';var iesg=false;document.body.onload = function(){window.n &amp;&amp; window.n();if (document.images){new Image().src=src;}
if (!iesg){document.f&amp;&amp;document.f.q.focus();document.gbqf&amp;&amp;document.gbqf.q.focus();}
}
})();&lt;/script&gt;&lt;div id="mngb"&gt;&lt;div id=gbar&gt;&lt;nobr&gt;&lt;b class=gb1&gt;Recherche&lt;/b&gt; &lt;a class=gb1 href="https://www.google.fr/imghp?hl=fr&amp;tab=wi"&gt;Images&lt;/a&gt; &lt;a class=gb1 href="https://maps.google.fr/maps?hl=fr&amp;tab=wl"&gt;Maps&lt;/a&gt; &lt;a class=gb1 href="https://play.google.com/?hl=fr&amp;tab=w8"&gt;Play&lt;/a&gt; &lt;a class=gb1 href="https://www.youtube.com/?tab=w1"&gt;YouTube&lt;/a&gt; &lt;a class=gb1 href="https://news.google.com/?tab=wn"&gt;Actualités&lt;/a&gt; &lt;a class=gb1 href="https://mail.google.com/mail/?tab=wm"&gt;Gmail&lt;/a&gt; &lt;a class=gb1 href="https://drive.google.com/?tab=wo"&gt;Drive&lt;/a&gt; &lt;a class=gb1 style="text-decoration:none" href="https://www.google.fr/intl/fr/about/products?tab=wh"&gt;&lt;u&gt;Plus&lt;/u&gt; &amp;raquo;&lt;/a&gt;&lt;/nobr&gt;&lt;/div&gt;&lt;div id=guser width=100%&gt;&lt;nobr&gt;&lt;span id=gbn class=gbi&gt;&lt;/span&gt;&lt;span id=gbf class=gbf&gt;&lt;/span&gt;&lt;span id=gbe&gt;&lt;/span&gt;&lt;a href="http://www.google.fr/history/optout?hl=fr" class=gb4&gt;Historique Web&lt;/a&gt; | &lt;a  href="/preferences?hl=fr" class=gb4&gt;Paramètres&lt;/a&gt; | &lt;a target=_top id=gb_70 href="https://accounts.google.com/ServiceLogin?hl=fr&amp;passive=true&amp;continue=https://www.google.com/&amp;ec=GAZAAQ" class=gb4&gt;Connexion&lt;/a&gt;&lt;/nobr&gt;&lt;/div&gt;&lt;div class=gbh style=left:0&gt;&lt;/div&gt;&lt;div class=gbh style=right:0&gt;&lt;/div&gt;&lt;/div&gt;&lt;center&gt;&lt;br clear="all" id="lgpd"&gt;&lt;div id="lga"&gt;&lt;a href="/search?ie=UTF-8&amp;amp;q=Qu%27est-ce+que+le+Bubble+Tea+%3F&amp;amp;oi=ddle&amp;amp;ct=253312689&amp;amp;hl=fr&amp;amp;si=AEcPFx6l3RvH8SFlhHZyn7jIc6m2bU9vmoFvFAMQv2WWSYjXN1iKJRJL58aaXJmYRm5uBnYRhRkp7jkBtDCZ0VAaYMP8d6tPOQX9YJ2LfsFKM2npHwPGFacT11PBvLJ0HS6odL5eNqoo&amp;amp;sa=X&amp;amp;ved=0ahUKEwjq0PzPpfD8AhWJcaQEHehlAS8QPQgD"&gt;&lt;img alt="Le Bubble Tea à l'honneur" border="0" height="200" src="/logos/doodles/2023/celebrating-bubble-tea-6753651837109839.4-l.png" title="Le Bubble Tea à l'honneur" width="500" id="hplogo"&gt;&lt;br&gt;&lt;/a&gt;&lt;br&gt;&lt;/div&gt;&lt;form action="/search" name="f"&gt;&lt;table cellpadding="0" cellspacing="0"&gt;&lt;tr valign="top"&gt;&lt;td width="25%"&gt;&amp;nbsp;&lt;/td&gt;&lt;td align="center" nowrap=""&gt;&lt;input name="ie" value="ISO-8859-1" type="hidden"&gt;&lt;input value="fr" name="hl" type="hidden"&gt;&lt;input name="source" type="hidden" value="hp"&gt;&lt;input name="biw" type="hidden"&gt;&lt;input name="bih" type="hidden"&gt;&lt;div class="ds" style="height:32px;margin:4px 0"&gt;&lt;input class="lst" style="margin:0;padding:5px 8px 0 6px;vertical-align:top;color:#000" autocomplete="off" value="" title="... (set the log level to DEBUG or TRACE to see the full content) 
 </msg>
<msg timestamp="20230130 23:01:04.892" level="INFO">${response} = &lt;Response [200]&gt;</msg>
<status status="PASS" starttime="20230130 23:01:04.731" endtime="20230130 23:01:04.892"/>
</kw>
<kw name="Log To Console" library="BuiltIn">
<arg>${response}</arg>
<doc>Logs the given message to the console.</doc>
<status status="PASS" starttime="20230130 23:01:04.892" endtime="20230130 23:01:04.892"/>
</kw>
<status status="PASS" starttime="20230130 23:01:04.731" endtime="20230130 23:01:04.892"/>
</kw>
<kw name="manipuler requete avec bearer">
<kw name="Create Session" library="RequestsLibrary">
<arg>mysession</arg>
<arg>${base_url}</arg>
<doc>Create Session: create a HTTP session to a server</doc>
<msg timestamp="20230130 23:01:04.909" level="INFO">Creating Session using : alias=mysession, url=https://certtransaction.elementexpress.com/, headers={},                     cookies={}, auth=None, timeout=None, proxies=None, verify=False,                     debug=0 </msg>
<status status="PASS" starttime="20230130 23:01:04.909" endtime="20230130 23:01:04.910"/>
</kw>
<kw name="Create Dictionary" library="BuiltIn">
<var>${header}</var>
<arg>Authorization=${bearer}</arg>
<arg>Content-Type=text/xml</arg>
<doc>Creates and returns a dictionary based on the given ``items``.</doc>
<msg timestamp="20230130 23:01:04.910" level="INFO">${header} = {'Authorization': 'E4F284BFADA11D01A52508ED7B92FFD7EE0905659F5DED06A4B73FC7739B48A287648801', 'Content-Type': 'text/xml'}</msg>
<status status="PASS" starttime="20230130 23:01:04.910" endtime="20230130 23:01:04.910"/>
</kw>
<kw name="Get File" library="OperatingSystem">
<var>${req_body}</var>
<arg>resultat_api.txt</arg>
<doc>Returns the contents of a specified file.</doc>
<msg timestamp="20230130 23:01:04.910" level="INFO" html="true">Getting file '&lt;a href="file://C:\Users\ndfdf\Documents\GitHub\robotframework_api\resultat_api.txt"&gt;C:\Users\ndfdf\Documents\GitHub\robotframework_api\resultat_api.txt&lt;/a&gt;'.</msg>
<msg timestamp="20230130 23:01:04.910" level="FAIL">FileNotFoundError: [Errno 2] No such file or directory: 'C:\\Users\\ndfdf\\Documents\\GitHub\\robotframework_api\\resultat_api.txt'</msg>
<status status="FAIL" starttime="20230130 23:01:04.910" endtime="20230130 23:01:04.910"/>
</kw>
<kw name="Post Request" library="RequestsLibrary">
<var>${response}</var>
<arg>mysession</arg>
<arg>${req_body}</arg>
<arg>${header}</arg>
<doc>*DEPRECATED* Please use `POST On Session` instead.</doc>
<msg timestamp="20230130 23:01:04.910" level="WARN">Keyword 'RequestsLibrary.Post Request' is deprecated. Please use `POST On Session` instead.</msg>
<status status="NOT RUN" starttime="20230130 23:01:04.910" endtime="20230130 23:01:04.910"/>
</kw>
<kw name="Log To Console" library="BuiltIn">
<arg>${response.status_code}</arg>
<doc>Logs the given message to the console.</doc>
<status status="NOT RUN" starttime="20230130 23:01:04.910" endtime="20230130 23:01:04.910"/>
</kw>
<kw name="Log To Console" library="BuiltIn">
<arg>${response.content}</arg>
<doc>Logs the given message to the console.</doc>
<status status="NOT RUN" starttime="20230130 23:01:04.910" endtime="20230130 23:01:04.910"/>
</kw>
<status status="FAIL" starttime="20230130 23:01:04.908" endtime="20230130 23:01:04.918"/>
</kw>
<status status="FAIL" starttime="20230130 23:01:04.730" endtime="20230130 23:01:04.920">FileNotFoundError: [Errno 2] No such file or directory: 'C:\\Users\\ndfdf\\Documents\\GitHub\\robotframework_api\\resultat_api.txt'</status>
</test>
<status status="FAIL" starttime="20230130 23:01:04.585" endtime="20230130 23:01:04.923"/>
</suite>
<statistics>
<total>
<stat pass="0" fail="1" skip="0">All Tests</stat>
</total>
<tag>
</tag>
<suite>
<stat pass="0" fail="1" skip="0" id="s1" name="Robot Api">Robot Api</stat>
</suite>
</statistics>
<errors>
<msg timestamp="20230130 23:01:04.910" level="WARN">Keyword 'RequestsLibrary.Post Request' is deprecated. Please use `POST On Session` instead.</msg>
</errors>
</robot>
